0 info it worked if it ends with ok
1 verbose cli [ '/usr/local/bin/node',
1 verbose cli   '/usr/local/bin/npm',
1 verbose cli   'run',
1 verbose cli   'json:server' ]
2 info using npm@3.10.9
3 info using node@v6.4.0
4 verbose run-script [ 'prejson:server', 'json:server', 'postjson:server' ]
5 info lifecycle users@1.0.0~prejson:server: users@1.0.0
6 silly lifecycle users@1.0.0~prejson:server: no script for prejson:server, continuing
7 info lifecycle users@1.0.0~json:server: users@1.0.0
8 verbose lifecycle users@1.0.0~json:server: unsafe-perm in lifecycle true
9 verbose lifecycle users@1.0.0~json:server: PATH: /usr/local/lib/node_modules/npm/bin/node-gyp-bin:/Users/jillwilson/graphql-workspace/users/node_modules/.bin:/Users/jillwilson/.rvm/gems/ruby-2.2.4/bin:/Users/jillwilson/.rvm/gems/ruby-2.2.4@global/bin:/Users/jillwilson/.rvm/rubies/ruby-2.2.4/bin:/usr/local/bin:/usr/bin:/bin:/usr/sbin:/sbin:/opt/X11/bin:/usr/local/git/bin:/Library/TeX/texbin:/Users/jillwilson/.rvm/gems/ruby-2.2.4/bin:/Users/jillwilson/.rvm/gems/ruby-2.2.4@global/bin:/Users/jillwilson/.rvm/rubies/ruby-2.2.4/bin:/Library/Frameworks/Python.framework/Versions/3.5/bin:/Users/jillwilson/Library/Enthought/Canopy_64bit/User/bin:/opt/local/bin:/opt/local/sbin:/Users/jillwilson/.rvm/bin:/usr/local/go/bin:/Users/jillwilson/go
10 verbose lifecycle users@1.0.0~json:server: CWD: /Users/jillwilson/graphql-workspace/users
11 silly lifecycle users@1.0.0~json:server: Args: [ '-c', 'json-server --watch db.json' ]
12 silly lifecycle users@1.0.0~json:server: Returned: code: 1  signal: null
13 info lifecycle users@1.0.0~json:server: Failed to exec json:server script
14 verbose stack Error: users@1.0.0 json:server: `json-server --watch db.json`
14 verbose stack Exit status 1
14 verbose stack     at EventEmitter.<anonymous> (/usr/local/lib/node_modules/npm/lib/utils/lifecycle.js:255:16)
14 verbose stack     at emitTwo (events.js:106:13)
14 verbose stack     at EventEmitter.emit (events.js:191:7)
14 verbose stack     at ChildProcess.<anonymous> (/usr/local/lib/node_modules/npm/lib/utils/spawn.js:40:14)
14 verbose stack     at emitTwo (events.js:106:13)
14 verbose stack     at ChildProcess.emit (events.js:191:7)
14 verbose stack     at maybeClose (internal/child_process.js:852:16)
14 verbose stack     at Process.ChildProcess._handle.onexit (internal/child_process.js:215:5)
15 verbose pkgid users@1.0.0
16 verbose cwd /Users/jillwilson/graphql-workspace/users
17 error Darwin 15.6.0
18 error argv "/usr/local/bin/node" "/usr/local/bin/npm" "run" "json:server"
19 error node v6.4.0
20 error npm  v3.10.9
21 error code ELIFECYCLE
22 error users@1.0.0 json:server: `json-server --watch db.json`
22 error Exit status 1
23 error Failed at the users@1.0.0 json:server script 'json-server --watch db.json'.
23 error Make sure you have the latest version of node.js and npm installed.
23 error If you do, this is most likely a problem with the users package,
23 error not with npm itself.
23 error Tell the author that this fails on your system:
23 error     json-server --watch db.json
23 error You can get information on how to open an issue for this project with:
23 error     npm bugs users
23 error Or if that isn't available, you can get their info via:
23 error     npm owner ls users
23 error There is likely additional logging output above.
24 verbose exit [ 1, true ]
